1695395253122	geckodriver	INFO	Listening on 127.0.0.1:38363
1695396735929	geckodriver	INFO	Listening on 127.0.0.1:51699
1695396736379	mozrunner::runner	INFO	Running command: "/snap/firefox/current/firefox.launcher" "--marionette" "--remote-debugging-port" "37553" "--remote-allow-hosts" "localhost" "-no-remote" "-profile" "/tmp/rust_mozprofilekkyBjP"
Gtk-Message: 17:32:16.391: Failed to load module "appmenu-gtk-module"
Gtk-Message: 17:32:16.391: Not loading module "atk-bridge": The functionality is provided by GTK natively. Please try to not load it.

(firefox:44560): Gtk-WARNING **: 17:32:16.394: GTK+ module /snap/firefox/3068/gnome-platform/usr/lib/gtk-2.0/modules/libcanberra-gtk-module.so cannot be loaded.
GTK+ 2.x symbols detected. Using GTK+ 2.x and GTK+ 3 in the same process is not supported.
Gtk-Message: 17:32:16.394: Failed to load module "canberra-gtk-module"
Gtk-Message: 17:32:16.394: Failed to load module "appmenu-gtk-module"
console.warn: services.settings: Ignoring preference override of remote settings server
console.warn: services.settings: Allow by setting MOZ_REMOTE_SETTINGS_DEVTOOLS=1 in the environment
ATTENTION: default value of option mesa_glthread overridden by environment.
1695396736873	Marionette	INFO	Marionette enabled
ATTENTION: default value of option mesa_glthread overridden by environment.
1695396736938	Marionette	INFO	Listening on port 44269
WebDriver BiDi listening on ws://127.0.0.1:37553
Read port: 44269
1695396737069	RemoteAgent	WARN	TLS certificate errors will be ignored for this session
console.error: ({})
DevTools listening on ws://127.0.0.1:37553/devtools/browser/b41e42ae-e1c0-4c9e-90cf-8c610d09fb3c
console.error: "update.locale" " file doesn't exist in either the application or GRE directories"
console.warn: LoginRecipes: "Falling back to a synchronous message for: https://consent.yahoo.com."
JavaScript warning: https://pagead2.googlesyndication.com/bg/tGcDLxZnxcZjneq6ZTfMhLSKmVRaNAcBIKHxIKG0fIc.js line 2 > eval line 4314 > eval line 1 > eval line 1 > eval, line 1: WEBGL_debug_renderer_info is deprecated in Firefox and will be removed. Please use RENDERER.
JavaScript warning: https://pagead2.googlesyndication.com/bg/tGcDLxZnxcZjneq6ZTfMhLSKmVRaNAcBIKHxIKG0fIc.js line 2 > eval line 4180 > eval line 1 > eval line 1 > eval, line 1: WEBGL_debug_renderer_info is deprecated in Firefox and will be removed. Please use RENDERER.
JavaScript warning: https://pagead2.googlesyndication.com/bg/1oOvdJ-Zd8iyZzymJJP8dpJcIY19edQL40-8Fy2m33E.js line 2 > eval line 154 > eval line 1 > eval line 1 > eval, line 1: WEBGL_debug_renderer_info is deprecated in Firefox and will be removed. Please use RENDERER.
JavaScript warning: https://pagead2.googlesyndication.com/bg/1oOvdJ-Zd8iyZzymJJP8dpJcIY19edQL40-8Fy2m33E.js line 2 > eval line 4105 > eval line 1 > eval line 1 > eval, line 1: WEBGL_debug_renderer_info is deprecated in Firefox and will be removed. Please use RENDERER.
JavaScript error: https://s0.2mdn.net/sadbundle/9725983447193286389/index.html?ev=01_250, line 363: TypeError: studio.Enabler is undefined
JavaScript error: https://s0.2mdn.net/sadbundle/9725983447193286389/index.html?ev=01_250, line 363: TypeError: studio.Enabler is undefined
1695396945615	geckodriver	INFO	Listening on 127.0.0.1:43393
1695396946074	mozrunner::runner	INFO	Running command: "/snap/firefox/current/firefox.launcher" "--marionette" "--remote-debugging-port" "37175" "--remote-allow-hosts" "localhost" "-no-remote" "-profile" "/tmp/rust_mozprofileoPjmhf"
Gtk-Message: 17:35:46.088: Failed to load module "appmenu-gtk-module"
Gtk-Message: 17:35:46.088: Not loading module "atk-bridge": The functionality is provided by GTK natively. Please try to not load it.

(firefox:46244): Gtk-WARNING **: 17:35:46.089: GTK+ module /snap/firefox/3068/gnome-platform/usr/lib/gtk-2.0/modules/libcanberra-gtk-module.so cannot be loaded.
GTK+ 2.x symbols detected. Using GTK+ 2.x and GTK+ 3 in the same process is not supported.
Gtk-Message: 17:35:46.089: Failed to load module "canberra-gtk-module"
Gtk-Message: 17:35:46.089: Failed to load module "appmenu-gtk-module"
console.warn: services.settings: Ignoring preference override of remote settings server
console.warn: services.settings: Allow by setting MOZ_REMOTE_SETTINGS_DEVTOOLS=1 in the environment
ATTENTION: default value of option mesa_glthread overridden by environment.
1695396946582	Marionette	INFO	Marionette enabled
ATTENTION: default value of option mesa_glthread overridden by environment.
1695396946648	Marionette	INFO	Listening on port 44835
WebDriver BiDi listening on ws://127.0.0.1:37175
Read port: 44835
1695396946798	RemoteAgent	WARN	TLS certificate errors will be ignored for this session
console.error: ({})
DevTools listening on ws://127.0.0.1:37175/devtools/browser/7bc2277d-504b-4414-b534-e244b6e8efbf
JavaScript error: , line 0: TypeError: NetworkError when attempting to fetch resource.
JavaScript warning: https://pagead2.googlesyndication.com/bg/1oOvdJ-Zd8iyZzymJJP8dpJcIY19edQL40-8Fy2m33E.js line 2 > eval line 269 > eval line 1 > eval line 1 > eval, line 1: WEBGL_debug_renderer_info is deprecated in Firefox and will be removed. Please use RENDERER.
1695396958495	Marionette	INFO	Stopped listening on port 44835
[46372] Sandbox: Unexpected EOF, op 0 flags 00 path /proc/cpuinfo
JavaScript error: , line 0: TypeError: NetworkError when attempting to fetch resource.
JavaScript warning: https://pagead2.googlesyndication.com/bg/1oOvdJ-Zd8iyZzymJJP8dpJcIY19edQL40-8Fy2m33E.js line 2 > eval line 2482 > eval line 1 > eval line 1 > eval, line 1: WEBGL_debug_renderer_info is deprecated in Firefox and will be removed. Please use RENDERER.
JavaScript error: , line 0: TypeError: NetworkError when attempting to fetch resource.
JavaScript warning: https://pagead2.googlesyndication.com/bg/1oOvdJ-Zd8iyZzymJJP8dpJcIY19edQL40-8Fy2m33E.js line 2 > eval line 4345 > eval line 1 > eval line 1 > eval, line 1: WEBGL_debug_renderer_info is deprecated in Firefox and will be removed. Please use RENDERER.
JavaScript error: , line 0: TypeError: NetworkError when attempting to fetch resource.
JavaScript error: https://s0.2mdn.net/sadbundle/9725983447193286389/index.html?ev=01_250, line 363: TypeError: studio.Enabler is undefined
JavaScript warning: https://pagead2.googlesyndication.com/bg/1oOvdJ-Zd8iyZzymJJP8dpJcIY19edQL40-8Fy2m33E.js line 2 > eval line 1352 > eval line 1 > eval line 1 > eval, line 1: WEBGL_debug_renderer_info is deprecated in Firefox and will be removed. Please use RENDERER.
JavaScript error: , line 0: TypeError: NetworkError when attempting to fetch resource.
JavaScript warning: https://pagead2.googlesyndication.com/bg/1oOvdJ-Zd8iyZzymJJP8dpJcIY19edQL40-8Fy2m33E.js line 2 > eval line 2921 > eval line 1 > eval line 1 > eval, line 1: WEBGL_debug_renderer_info is deprecated in Firefox and will be removed. Please use RENDERER.
JavaScript error: , line 0: TypeError: NetworkError when attempting to fetch resource.
JavaScript warning: https://pagead2.googlesyndication.com/bg/1oOvdJ-Zd8iyZzymJJP8dpJcIY19edQL40-8Fy2m33E.js line 2 > eval line 45 > eval line 1 > eval line 1 > eval, line 1: WEBGL_debug_renderer_info is deprecated in Firefox and will be removed. Please use RENDERER.
JavaScript error: , line 0: TypeError: NetworkError when attempting to fetch resource.
JavaScript error: https://s0.2mdn.net/sadbundle/9725983447193286389/index.html?ev=01_250, line 363: TypeError: studio.Enabler is undefined
JavaScript warning: https://pagead2.googlesyndication.com/bg/1oOvdJ-Zd8iyZzymJJP8dpJcIY19edQL40-8Fy2m33E.js line 2 > eval line 7314 > eval line 1 > eval line 1 > eval, line 1: WEBGL_debug_renderer_info is deprecated in Firefox and will be removed. Please use RENDERER.
1695397075526	geckodriver	INFO	Listening on 127.0.0.1:44681
1695397075994	mozrunner::runner	INFO	Running command: "/snap/firefox/current/firefox.launcher" "--marionette" "--remote-debugging-port" "36665" "--remote-allow-hosts" "localhost" "-no-remote" "-profile" "/tmp/rust_mozprofileo0gtNx"
Gtk-Message: 17:37:56.008: Failed to load module "appmenu-gtk-module"
Gtk-Message: 17:37:56.008: Not loading module "atk-bridge": The functionality is provided by GTK natively. Please try to not load it.

(firefox:47630): Gtk-WARNING **: 17:37:56.010: GTK+ module /snap/firefox/3068/gnome-platform/usr/lib/gtk-2.0/modules/libcanberra-gtk-module.so cannot be loaded.
GTK+ 2.x symbols detected. Using GTK+ 2.x and GTK+ 3 in the same process is not supported.
Gtk-Message: 17:37:56.010: Failed to load module "canberra-gtk-module"
Gtk-Message: 17:37:56.010: Failed to load module "appmenu-gtk-module"
console.warn: services.settings: Ignoring preference override of remote settings server
console.warn: services.settings: Allow by setting MOZ_REMOTE_SETTINGS_DEVTOOLS=1 in the environment
ATTENTION: default value of option mesa_glthread overridden by environment.
1695397076523	Marionette	INFO	Marionette enabled
ATTENTION: default value of option mesa_glthread overridden by environment.
1695397076599	Marionette	INFO	Listening on port 42021
WebDriver BiDi listening on ws://127.0.0.1:36665
Read port: 42021
1695397076766	RemoteAgent	WARN	TLS certificate errors will be ignored for this session
console.error: ({})
DevTools listening on ws://127.0.0.1:36665/devtools/browser/1fc87baa-8353-4f92-a0ad-1dc30d9d5564
console.warn: LoginRecipes: "Falling back to a synchronous message for: http://127.0.0.1:5000."
JavaScript error: , line 0: TypeError: NetworkError when attempting to fetch resource.
JavaScript warning: https://pagead2.googlesyndication.com/bg/1oOvdJ-Zd8iyZzymJJP8dpJcIY19edQL40-8Fy2m33E.js line 2 > eval line 6211 > eval line 1 > eval line 1 > eval, line 1: WEBGL_debug_renderer_info is deprecated in Firefox and will be removed. Please use RENDERER.
console.error: "update.locale" " file doesn't exist in either the application or GRE directories"
JavaScript error: , line 0: TypeError: NetworkError when attempting to fetch resource.
JavaScript warning: https://pagead2.googlesyndication.com/bg/tGcDLxZnxcZjneq6ZTfMhLSKmVRaNAcBIKHxIKG0fIc.js line 2 > eval line 7592 > eval line 1 > eval line 1 > eval, line 1: WEBGL_debug_renderer_info is deprecated in Firefox and will be removed. Please use RENDERER.
JavaScript error: , line 0: TypeError: NetworkError when attempting to fetch resource.
JavaScript warning: https://pagead2.googlesyndication.com/bg/1oOvdJ-Zd8iyZzymJJP8dpJcIY19edQL40-8Fy2m33E.js line 2 > eval line 5848 > eval line 1 > eval line 1 > eval, line 1: WEBGL_debug_renderer_info is deprecated in Firefox and will be removed. Please use RENDERER.
JavaScript warning: https://s.yimg.com/ss/rapid-3.53.38.js, line 1: Script terminated by timeout at:
hasOwn@https://s.yimg.com/ss/rapid-3.53.38.js:1:38742
t@https://s.yimg.com/ss/rapid-3.53.38.js:1:28576

1695397146324	Marionette	INFO	Stopped listening on port 44269
JavaScript error: , line 0: TypeError: NetworkError when attempting to fetch resource.
JavaScript error: , line 0: TypeError: NetworkError when attempting to fetch resource.
JavaScript error: , line 0: TypeError: NetworkError when attempting to fetch resource.
JavaScript error: , line 0: TypeError: NetworkError when attempting to fetch resource.
1695397645128	Marionette	INFO	Stopped listening on port 42021
[47767] Sandbox: Unexpected EOF, op 0 flags 00 path /proc/cpuinfo
1695626534856	geckodriver	INFO	Listening on 127.0.0.1:36915
1695626535294	mozrunner::runner	INFO	Running command: "/snap/firefox/current/firefox.launcher" "--marionette" "--remote-debugging-port" "48659" "--remote-allow-hosts" "localhost" "-no-remote" "-profile" "/tmp/rust_mozprofilegD3mO3"
Gtk-Message: 09:22:15.307: Failed to load module "appmenu-gtk-module"
Gtk-Message: 09:22:15.308: Not loading module "atk-bridge": The functionality is provided by GTK natively. Please try to not load it.

(firefox:16384): Gtk-WARNING **: 09:22:15.309: GTK+ module /snap/firefox/3068/gnome-platform/usr/lib/gtk-2.0/modules/libcanberra-gtk-module.so cannot be loaded.
GTK+ 2.x symbols detected. Using GTK+ 2.x and GTK+ 3 in the same process is not supported.
Gtk-Message: 09:22:15.309: Failed to load module "canberra-gtk-module"
Gtk-Message: 09:22:15.309: Failed to load module "appmenu-gtk-module"
console.warn: services.settings: Ignoring preference override of remote settings server
console.warn: services.settings: Allow by setting MOZ_REMOTE_SETTINGS_DEVTOOLS=1 in the environment
ATTENTION: default value of option mesa_glthread overridden by environment.
1695626535803	Marionette	INFO	Marionette enabled
ATTENTION: default value of option mesa_glthread overridden by environment.
1695626535889	Marionette	INFO	Listening on port 38413
Read port: 38413
WebDriver BiDi listening on ws://127.0.0.1:48659
1695626535942	RemoteAgent	WARN	TLS certificate errors will be ignored for this session
console.error: ({})
DevTools listening on ws://127.0.0.1:48659/devtools/browser/0997c1a3-17f8-4d91-88a3-423f1944be86
1695626536991	Marionette	WARN	Ignoring event 'pageshow' because document has an invalid readyState of 'uninitialized'.
1695626543471	Marionette	INFO	Stopped listening on port 38413
[16531] Sandbox: Unexpected EOF, op 0 flags 00 path /proc/cpuinfo
1695627225421	geckodriver	INFO	Listening on 127.0.0.1:40461
1695627225908	mozrunner::runner	INFO	Running command: "/snap/firefox/current/firefox.launcher" "--marionette" "--remote-debugging-port" "52651" "--remote-allow-hosts" "localhost" "-no-remote" "-profile" "/tmp/rust_mozprofileTr8Sn7"
Gtk-Message: 09:33:45.937: Failed to load module "appmenu-gtk-module"
Gtk-Message: 09:33:45.937: Not loading module "atk-bridge": The functionality is provided by GTK natively. Please try to not load it.

(firefox:18490): Gtk-WARNING **: 09:33:45.939: GTK+ module /snap/firefox/3068/gnome-platform/usr/lib/gtk-2.0/modules/libcanberra-gtk-module.so cannot be loaded.
GTK+ 2.x symbols detected. Using GTK+ 2.x and GTK+ 3 in the same process is not supported.
Gtk-Message: 09:33:45.939: Failed to load module "canberra-gtk-module"
Gtk-Message: 09:33:45.939: Failed to load module "appmenu-gtk-module"
console.warn: services.settings: Ignoring preference override of remote settings server
console.warn: services.settings: Allow by setting MOZ_REMOTE_SETTINGS_DEVTOOLS=1 in the environment
ATTENTION: default value of option mesa_glthread overridden by environment.
1695627226446	Marionette	INFO	Marionette enabled
ATTENTION: default value of option mesa_glthread overridden by environment.
1695627226517	Marionette	INFO	Listening on port 35389
WebDriver BiDi listening on ws://127.0.0.1:52651
Read port: 35389
1695627226680	RemoteAgent	WARN	TLS certificate errors will be ignored for this session
console.error: ({})
DevTools listening on ws://127.0.0.1:52651/devtools/browser/37354743-ff86-4007-89da-c3459871b8b6
console.warn: LoginRecipes: "Falling back to a synchronous message for: http://127.0.0.1:5000."
1695627233262	Marionette	INFO	Stopped listening on port 35389
1695627241308	geckodriver	INFO	Listening on 127.0.0.1:34325
1695627241796	mozrunner::runner	INFO	Running command: "/snap/firefox/current/firefox.launcher" "--marionette" "--remote-debugging-port" "39945" "--remote-allow-hosts" "localhost" "-no-remote" "-profile" "/tmp/rust_mozprofileZrdb8t"
Gtk-Message: 09:34:01.823: Failed to load module "appmenu-gtk-module"
Gtk-Message: 09:34:01.823: Not loading module "atk-bridge": The functionality is provided by GTK natively. Please try to not load it.

(firefox:19561): Gtk-WARNING **: 09:34:01.824: GTK+ module /snap/firefox/3068/gnome-platform/usr/lib/gtk-2.0/modules/libcanberra-gtk-module.so cannot be loaded.
GTK+ 2.x symbols detected. Using GTK+ 2.x and GTK+ 3 in the same process is not supported.
Gtk-Message: 09:34:01.824: Failed to load module "canberra-gtk-module"
Gtk-Message: 09:34:01.824: Failed to load module "appmenu-gtk-module"
console.warn: services.settings: Ignoring preference override of remote settings server
console.warn: services.settings: Allow by setting MOZ_REMOTE_SETTINGS_DEVTOOLS=1 in the environment
ATTENTION: default value of option mesa_glthread overridden by environment.
1695627242307	Marionette	INFO	Marionette enabled
ATTENTION: default value of option mesa_glthread overridden by environment.
1695627242375	Marionette	INFO	Listening on port 38693
WebDriver BiDi listening on ws://127.0.0.1:39945
Read port: 38693
1695627242506	RemoteAgent	WARN	TLS certificate errors will be ignored for this session
console.error: ({})
DevTools listening on ws://127.0.0.1:39945/devtools/browser/1b4fc3d3-73d8-49c8-9030-e8d1451b4d6e
console.warn: LoginRecipes: "Falling back to a synchronous message for: http://127.0.0.1:5000."
1695627243520	Marionette	INFO	Stopped listening on port 38693
[19696] Sandbox: Unexpected EOF, op 0 flags 00 path /proc/cpuinfo
1695627900870	geckodriver	INFO	Listening on 127.0.0.1:54935
1695627901338	mozrunner::runner	INFO	Running command: "/snap/firefox/current/firefox.launcher" "--marionette" "--remote-debugging-port" "60695" "--remote-allow-hosts" "localhost" "-no-remote" "-profile" "/tmp/rust_mozprofileogpabF"
Gtk-Message: 09:45:01.351: Failed to load module "appmenu-gtk-module"
Gtk-Message: 09:45:01.352: Not loading module "atk-bridge": The functionality is provided by GTK natively. Please try to not load it.

(firefox:21904): Gtk-WARNING **: 09:45:01.353: GTK+ module /snap/firefox/3068/gnome-platform/usr/lib/gtk-2.0/modules/libcanberra-gtk-module.so cannot be loaded.
GTK+ 2.x symbols detected. Using GTK+ 2.x and GTK+ 3 in the same process is not supported.
Gtk-Message: 09:45:01.353: Failed to load module "canberra-gtk-module"
Gtk-Message: 09:45:01.353: Failed to load module "appmenu-gtk-module"
console.warn: services.settings: Ignoring preference override of remote settings server
console.warn: services.settings: Allow by setting MOZ_REMOTE_SETTINGS_DEVTOOLS=1 in the environment
ATTENTION: default value of option mesa_glthread overridden by environment.
1695627901833	Marionette	INFO	Marionette enabled
ATTENTION: default value of option mesa_glthread overridden by environment.
1695627901901	Marionette	INFO	Listening on port 43005
WebDriver BiDi listening on ws://127.0.0.1:60695
Read port: 43005
1695627902048	RemoteAgent	WARN	TLS certificate errors will be ignored for this session
console.error: ({})
DevTools listening on ws://127.0.0.1:60695/devtools/browser/5c0c3360-599f-45fe-9af0-97a43400bef0
console.warn: LoginRecipes: "Falling back to a synchronous message for: http://127.0.0.1:5000."
1695627903164	Marionette	INFO	Stopped listening on port 43005
[22039] Sandbox: Unexpected EOF, op 0 flags 00 path /proc/cpuinfo
1695627966683	geckodriver	INFO	Listening on 127.0.0.1:38769
1695627967154	mozrunner::runner	INFO	Running command: "/snap/firefox/current/firefox.launcher" "--marionette" "--remote-debugging-port" "36477" "--remote-allow-hosts" "localhost" "-no-remote" "-profile" "/tmp/rust_mozprofileUcrd9U"
Gtk-Message: 09:46:07.168: Failed to load module "appmenu-gtk-module"
Gtk-Message: 09:46:07.168: Not loading module "atk-bridge": The functionality is provided by GTK natively. Please try to not load it.

(firefox:23026): Gtk-WARNING **: 09:46:07.170: GTK+ module /snap/firefox/3068/gnome-platform/usr/lib/gtk-2.0/modules/libcanberra-gtk-module.so cannot be loaded.
GTK+ 2.x symbols detected. Using GTK+ 2.x and GTK+ 3 in the same process is not supported.
Gtk-Message: 09:46:07.170: Failed to load module "canberra-gtk-module"
Gtk-Message: 09:46:07.170: Failed to load module "appmenu-gtk-module"
console.warn: services.settings: Ignoring preference override of remote settings server
console.warn: services.settings: Allow by setting MOZ_REMOTE_SETTINGS_DEVTOOLS=1 in the environment
ATTENTION: default value of option mesa_glthread overridden by environment.
1695627967649	Marionette	INFO	Marionette enabled
ATTENTION: default value of option mesa_glthread overridden by environment.
1695627967765	Marionette	INFO	Listening on port 33221
WebDriver BiDi listening on ws://127.0.0.1:36477
Read port: 33221
1695627967906	RemoteAgent	WARN	TLS certificate errors will be ignored for this session
console.error: ({})
DevTools listening on ws://127.0.0.1:36477/devtools/browser/e2e4573a-4f2e-42ad-9c49-29c9f87a397b
console.warn: LoginRecipes: "Falling back to a synchronous message for: http://127.0.0.1:5000."
1695627969038	Marionette	INFO	Stopped listening on port 33221
[23159] Sandbox: Unexpected EOF, op 0 flags 00 path /proc/cpuinfo
1695628233650	geckodriver	INFO	Listening on 127.0.0.1:48415
1695628234123	mozrunner::runner	INFO	Running command: "/snap/firefox/current/firefox.launcher" "--marionette" "--remote-debugging-port" "52425" "--remote-allow-hosts" "localhost" "-no-remote" "-profile" "/tmp/rust_mozprofileF5iHsL"
Gtk-Message: 09:50:34.136: Failed to load module "appmenu-gtk-module"
Gtk-Message: 09:50:34.136: Not loading module "atk-bridge": The functionality is provided by GTK natively. Please try to not load it.

(firefox:24379): Gtk-WARNING **: 09:50:34.137: GTK+ module /snap/firefox/3068/gnome-platform/usr/lib/gtk-2.0/modules/libcanberra-gtk-module.so cannot be loaded.
GTK+ 2.x symbols detected. Using GTK+ 2.x and GTK+ 3 in the same process is not supported.
Gtk-Message: 09:50:34.137: Failed to load module "canberra-gtk-module"
Gtk-Message: 09:50:34.138: Failed to load module "appmenu-gtk-module"
console.warn: services.settings: Ignoring preference override of remote settings server
console.warn: services.settings: Allow by setting MOZ_REMOTE_SETTINGS_DEVTOOLS=1 in the environment
ATTENTION: default value of option mesa_glthread overridden by environment.
1695628234631	Marionette	INFO	Marionette enabled
ATTENTION: default value of option mesa_glthread overridden by environment.
1695628234723	Marionette	INFO	Listening on port 34977
WebDriver BiDi listening on ws://127.0.0.1:52425
Read port: 34977
1695628234891	RemoteAgent	WARN	TLS certificate errors will be ignored for this session
console.error: ({})
DevTools listening on ws://127.0.0.1:52425/devtools/browser/e8caa33e-89b7-4170-bc5b-d4a7af349712
console.warn: LoginRecipes: "Falling back to a synchronous message for: http://127.0.0.1:5000."
console.error: Region.sys.mjs: "Error fetching region" (new Error("TIMEOUT", "resource://gre/modules/Region.sys.mjs", 759))
console.error: Region.sys.mjs: "Failed to fetch region" (new Error("TIMEOUT", "resource://gre/modules/Region.sys.mjs", 411))
console.error: "update.locale" " file doesn't exist in either the application or GRE directories"
1695634355473	geckodriver	INFO	Listening on 127.0.0.1:57433
1695634355938	mozrunner::runner	INFO	Running command: "/snap/firefox/current/firefox.launcher" "--marionette" "--remote-debugging-port" "39007" "--remote-allow-hosts" "localhost" "-no-remote" "-profile" "/tmp/rust_mozprofile6a1i2a"
Gtk-Message: 11:32:35.953: Failed to load module "appmenu-gtk-module"
Gtk-Message: 11:32:35.953: Not loading module "atk-bridge": The functionality is provided by GTK natively. Please try to not load it.

(firefox:27704): Gtk-WARNING **: 11:32:35.955: GTK+ module /snap/firefox/3068/gnome-platform/usr/lib/gtk-2.0/modules/libcanberra-gtk-module.so cannot be loaded.
GTK+ 2.x symbols detected. Using GTK+ 2.x and GTK+ 3 in the same process is not supported.
Gtk-Message: 11:32:35.955: Failed to load module "canberra-gtk-module"
Gtk-Message: 11:32:35.955: Failed to load module "appmenu-gtk-module"
console.warn: services.settings: Ignoring preference override of remote settings server
console.warn: services.settings: Allow by setting MOZ_REMOTE_SETTINGS_DEVTOOLS=1 in the environment
ATTENTION: default value of option mesa_glthread overridden by environment.
1695634356490	Marionette	INFO	Marionette enabled
ATTENTION: default value of option mesa_glthread overridden by environment.
1695634356575	Marionette	INFO	Listening on port 45145
WebDriver BiDi listening on ws://127.0.0.1:39007
Read port: 45145
1695634356739	RemoteAgent	WARN	TLS certificate errors will be ignored for this session
console.error: ({})
DevTools listening on ws://127.0.0.1:39007/devtools/browser/207c933e-e189-44ad-a1f9-efe9b220ad94
console.warn: LoginRecipes: "Falling back to a synchronous message for: http://127.0.0.1:5000."
console.error: "update.locale" " file doesn't exist in either the application or GRE directories"
1695634528712	geckodriver	INFO	Listening on 127.0.0.1:34059
1695634529174	mozrunner::runner	INFO	Running command: "/snap/firefox/current/firefox.launcher" "--marionette" "--remote-debugging-port" "43863" "--remote-allow-hosts" "localhost" "-no-remote" "-profile" "/tmp/rust_mozprofileXYYIcg"
Gtk-Message: 11:35:29.188: Failed to load module "appmenu-gtk-module"
Gtk-Message: 11:35:29.188: Not loading module "atk-bridge": The functionality is provided by GTK natively. Please try to not load it.

(firefox:29037): Gtk-WARNING **: 11:35:29.189: GTK+ module /snap/firefox/3068/gnome-platform/usr/lib/gtk-2.0/modules/libcanberra-gtk-module.so cannot be loaded.
GTK+ 2.x symbols detected. Using GTK+ 2.x and GTK+ 3 in the same process is not supported.
Gtk-Message: 11:35:29.189: Failed to load module "canberra-gtk-module"
Gtk-Message: 11:35:29.189: Failed to load module "appmenu-gtk-module"
console.warn: services.settings: Ignoring preference override of remote settings server
console.warn: services.settings: Allow by setting MOZ_REMOTE_SETTINGS_DEVTOOLS=1 in the environment
ATTENTION: default value of option mesa_glthread overridden by environment.
1695634529688	Marionette	INFO	Marionette enabled
ATTENTION: default value of option mesa_glthread overridden by environment.
1695634529769	Marionette	INFO	Listening on port 38349
Read port: 38349
WebDriver BiDi listening on ws://127.0.0.1:43863
1695634529838	RemoteAgent	WARN	TLS certificate errors will be ignored for this session
console.error: ({})
DevTools listening on ws://127.0.0.1:43863/devtools/browser/2c8f99aa-d13c-4385-a083-3f9ae496bc58
console.warn: LoginRecipes: "Falling back to a synchronous message for: http://127.0.0.1:5000."
1695634531119	Marionette	INFO	Stopped listening on port 38349
1695634991051	geckodriver	INFO	Listening on 127.0.0.1:56435
1695634991518	mozrunner::runner	INFO	Running command: "/snap/firefox/current/firefox.launcher" "--marionette" "--remote-debugging-port" "37683" "--remote-allow-hosts" "localhost" "-no-remote" "-profile" "/tmp/rust_mozprofilexIUvfF"
Gtk-Message: 11:43:11.531: Failed to load module "appmenu-gtk-module"
Gtk-Message: 11:43:11.532: Not loading module "atk-bridge": The functionality is provided by GTK natively. Please try to not load it.

(firefox:30992): Gtk-WARNING **: 11:43:11.533: GTK+ module /snap/firefox/3068/gnome-platform/usr/lib/gtk-2.0/modules/libcanberra-gtk-module.so cannot be loaded.
GTK+ 2.x symbols detected. Using GTK+ 2.x and GTK+ 3 in the same process is not supported.
Gtk-Message: 11:43:11.533: Failed to load module "canberra-gtk-module"
Gtk-Message: 11:43:11.533: Failed to load module "appmenu-gtk-module"
console.warn: services.settings: Ignoring preference override of remote settings server
console.warn: services.settings: Allow by setting MOZ_REMOTE_SETTINGS_DEVTOOLS=1 in the environment
ATTENTION: default value of option mesa_glthread overridden by environment.
1695634992040	Marionette	INFO	Marionette enabled
ATTENTION: default value of option mesa_glthread overridden by environment.
1695634992121	Marionette	INFO	Listening on port 44635
WebDriver BiDi listening on ws://127.0.0.1:37683
Read port: 44635
1695634992284	RemoteAgent	WARN	TLS certificate errors will be ignored for this session
console.error: ({})
DevTools listening on ws://127.0.0.1:37683/devtools/browser/54af84d0-ad53-4754-a91e-aecde339c04f
console.warn: LoginRecipes: "Falling back to a synchronous message for: http://127.0.0.1:5000."
1695634993426	Marionette	INFO	Stopped listening on port 44635
1695635677073	geckodriver	INFO	Listening on 127.0.0.1:55043
1695635677539	mozrunner::runner	INFO	Running command: "/snap/firefox/current/firefox.launcher" "--marionette" "--remote-debugging-port" "46747" "--remote-allow-hosts" "localhost" "-no-remote" "-profile" "/tmp/rust_mozprofileAiHwPi"
Gtk-Message: 11:54:37.553: Failed to load module "appmenu-gtk-module"
Gtk-Message: 11:54:37.553: Not loading module "atk-bridge": The functionality is provided by GTK natively. Please try to not load it.

(firefox:32392): Gtk-WARNING **: 11:54:37.555: GTK+ module /snap/firefox/3068/gnome-platform/usr/lib/gtk-2.0/modules/libcanberra-gtk-module.so cannot be loaded.
GTK+ 2.x symbols detected. Using GTK+ 2.x and GTK+ 3 in the same process is not supported.
Gtk-Message: 11:54:37.555: Failed to load module "canberra-gtk-module"
Gtk-Message: 11:54:37.555: Failed to load module "appmenu-gtk-module"
console.warn: services.settings: Ignoring preference override of remote settings server
console.warn: services.settings: Allow by setting MOZ_REMOTE_SETTINGS_DEVTOOLS=1 in the environment
ATTENTION: default value of option mesa_glthread overridden by environment.
1695635678081	Marionette	INFO	Marionette enabled
ATTENTION: default value of option mesa_glthread overridden by environment.
1695635678161	Marionette	INFO	Listening on port 37991
WebDriver BiDi listening on ws://127.0.0.1:46747
Read port: 37991
1695635678336	RemoteAgent	WARN	TLS certificate errors will be ignored for this session
console.error: ({})
DevTools listening on ws://127.0.0.1:46747/devtools/browser/4b0ce275-834a-46bc-8fe8-3c491c1d2ced
1695635679304	Marionette	INFO	Stopped listening on port 37991
1695635688601	geckodriver	INFO	Listening on 127.0.0.1:56587
1695635689086	mozrunner::runner	INFO	Running command: "/snap/firefox/current/firefox.launcher" "--marionette" "--remote-debugging-port" "35159" "--remote-allow-hosts" "localhost" "-no-remote" "-profile" "/tmp/rust_mozprofileg1AAmT"
Gtk-Message: 11:54:49.100: Failed to load module "appmenu-gtk-module"
Gtk-Message: 11:54:49.100: Not loading module "atk-bridge": The functionality is provided by GTK natively. Please try to not load it.

(firefox:33040): Gtk-WARNING **: 11:54:49.102: GTK+ module /snap/firefox/3068/gnome-platform/usr/lib/gtk-2.0/modules/libcanberra-gtk-module.so cannot be loaded.
GTK+ 2.x symbols detected. Using GTK+ 2.x and GTK+ 3 in the same process is not supported.
Gtk-Message: 11:54:49.102: Failed to load module "canberra-gtk-module"
Gtk-Message: 11:54:49.102: Failed to load module "appmenu-gtk-module"
console.warn: services.settings: Ignoring preference override of remote settings server
console.warn: services.settings: Allow by setting MOZ_REMOTE_SETTINGS_DEVTOOLS=1 in the environment
ATTENTION: default value of option mesa_glthread overridden by environment.
1695635689590	Marionette	INFO	Marionette enabled
ATTENTION: default value of option mesa_glthread overridden by environment.
1695635689663	Marionette	INFO	Listening on port 43865
Read port: 43865
WebDriver BiDi listening on ws://127.0.0.1:35159
1695635689726	RemoteAgent	WARN	TLS certificate errors will be ignored for this session
console.error: ({})
DevTools listening on ws://127.0.0.1:35159/devtools/browser/ec6cb552-5168-437b-9c26-82fd9b7fed8e
1695635690565	Marionette	INFO	Stopped listening on port 43865
console.error: (new AbortError("IndexedDB: main/doh-providers list() IndexedDB:  execute() A request was aborted, for example through a call to IDBTransaction.abort.", "resource://services-settings/IDBHelpers.sys.mjs", 16))
console.error: (new Error("IndexedDB: main/doh-config getLastModified() IndexedDB:  execute() The application is shutting down", "resource://services-settings/IDBHelpers.sys.mjs", 16))
[33170] Sandbox: Unexpected EOF, op 0 flags 00 path /proc/cpuinfo
1695635913467	geckodriver	INFO	Listening on 127.0.0.1:53293
1695635913918	mozrunner::runner	INFO	Running command: "/snap/firefox/current/firefox.launcher" "--marionette" "--remote-debugging-port" "35445" "--remote-allow-hosts" "localhost" "-no-remote" "-profile" "/tmp/rust_mozprofileHLr6aZ"
Gtk-Message: 11:58:33.932: Failed to load module "appmenu-gtk-module"
Gtk-Message: 11:58:33.932: Not loading module "atk-bridge": The functionality is provided by GTK natively. Please try to not load it.

(firefox:34642): Gtk-WARNING **: 11:58:33.934: GTK+ module /snap/firefox/3068/gnome-platform/usr/lib/gtk-2.0/modules/libcanberra-gtk-module.so cannot be loaded.
GTK+ 2.x symbols detected. Using GTK+ 2.x and GTK+ 3 in the same process is not supported.
Gtk-Message: 11:58:33.934: Failed to load module "canberra-gtk-module"
Gtk-Message: 11:58:33.934: Failed to load module "appmenu-gtk-module"
console.warn: services.settings: Ignoring preference override of remote settings server
console.warn: services.settings: Allow by setting MOZ_REMOTE_SETTINGS_DEVTOOLS=1 in the environment
ATTENTION: default value of option mesa_glthread overridden by environment.
1695635914443	Marionette	INFO	Marionette enabled
ATTENTION: default value of option mesa_glthread overridden by environment.
1695635914523	Marionette	INFO	Listening on port 32837
WebDriver BiDi listening on ws://127.0.0.1:35445
Read port: 32837
1695635914659	RemoteAgent	WARN	TLS certificate errors will be ignored for this session
console.error: ({})
DevTools listening on ws://127.0.0.1:35445/devtools/browser/6b6cbe7a-cebd-4826-825e-95c83e4ca342
console.warn: LoginRecipes: "Falling back to a synchronous message for: http://127.0.0.1:5000."
1695635915845	Marionette	INFO	Stopped listening on port 32837
1695636598773	geckodriver	INFO	Listening on 127.0.0.1:42045
1695636599239	mozrunner::runner	INFO	Running command: "/snap/firefox/current/firefox.launcher" "--marionette" "--remote-debugging-port" "53431" "--remote-allow-hosts" "localhost" "-no-remote" "-profile" "/tmp/rust_mozprofile5xAyIM"
Gtk-Message: 12:09:59.258: Failed to load module "appmenu-gtk-module"
Gtk-Message: 12:09:59.259: Not loading module "atk-bridge": The functionality is provided by GTK natively. Please try to not load it.

(firefox:36507): Gtk-WARNING **: 12:09:59.260: GTK+ module /snap/firefox/3068/gnome-platform/usr/lib/gtk-2.0/modules/libcanberra-gtk-module.so cannot be loaded.
GTK+ 2.x symbols detected. Using GTK+ 2.x and GTK+ 3 in the same process is not supported.
Gtk-Message: 12:09:59.260: Failed to load module "canberra-gtk-module"
Gtk-Message: 12:09:59.260: Failed to load module "appmenu-gtk-module"
console.warn: services.settings: Ignoring preference override of remote settings server
console.warn: services.settings: Allow by setting MOZ_REMOTE_SETTINGS_DEVTOOLS=1 in the environment
ATTENTION: default value of option mesa_glthread overridden by environment.
1695636599851	Marionette	INFO	Marionette enabled
ATTENTION: default value of option mesa_glthread overridden by environment.
1695636599928	Marionette	INFO	Listening on port 39139
Read port: 39139
WebDriver BiDi listening on ws://127.0.0.1:53431
1695636599996	RemoteAgent	WARN	TLS certificate errors will be ignored for this session
console.error: ({})
DevTools listening on ws://127.0.0.1:53431/devtools/browser/0906bed4-7ca2-4794-8a00-779cee07d26d
console.warn: LoginRecipes: "Falling back to a synchronous message for: http://127.0.0.1:5000."
1695636601195	Marionette	INFO	Stopped listening on port 39139
1695636624804	geckodriver	INFO	Listening on 127.0.0.1:43159
1695636625271	mozrunner::runner	INFO	Running command: "/snap/firefox/current/firefox.launcher" "--marionette" "--remote-debugging-port" "42935" "--remote-allow-hosts" "localhost" "-no-remote" "-profile" "/tmp/rust_mozprofiletH5CuY"
Gtk-Message: 12:10:25.284: Failed to load module "appmenu-gtk-module"
Gtk-Message: 12:10:25.285: Not loading module "atk-bridge": The functionality is provided by GTK natively. Please try to not load it.

(firefox:37577): Gtk-WARNING **: 12:10:25.286: GTK+ module /snap/firefox/3068/gnome-platform/usr/lib/gtk-2.0/modules/libcanberra-gtk-module.so cannot be loaded.
GTK+ 2.x symbols detected. Using GTK+ 2.x and GTK+ 3 in the same process is not supported.
Gtk-Message: 12:10:25.286: Failed to load module "canberra-gtk-module"
Gtk-Message: 12:10:25.286: Failed to load module "appmenu-gtk-module"
console.warn: services.settings: Ignoring preference override of remote settings server
console.warn: services.settings: Allow by setting MOZ_REMOTE_SETTINGS_DEVTOOLS=1 in the environment
ATTENTION: default value of option mesa_glthread overridden by environment.
1695636625758	Marionette	INFO	Marionette enabled
ATTENTION: default value of option mesa_glthread overridden by environment.
1695636625837	Marionette	INFO	Listening on port 46315
WebDriver BiDi listening on ws://127.0.0.1:42935
Read port: 46315
1695636625904	RemoteAgent	WARN	TLS certificate errors will be ignored for this session
console.error: ({})
DevTools listening on ws://127.0.0.1:42935/devtools/browser/a7da3759-5a10-4753-95ba-180c8b056ae2
console.warn: LoginRecipes: "Falling back to a synchronous message for: http://127.0.0.1:5000."
1695636627146	Marionette	INFO	Stopped listening on port 46315
1695636879052	geckodriver	INFO	Listening on 127.0.0.1:52347
1695636879522	mozrunner::runner	INFO	Running command: "/snap/firefox/current/firefox.launcher" "--marionette" "--remote-debugging-port" "57465" "--remote-allow-hosts" "localhost" "-no-remote" "-profile" "/tmp/rust_mozprofile1kTQK0"
Gtk-Message: 12:14:39.551: Failed to load module "appmenu-gtk-module"
Gtk-Message: 12:14:39.551: Not loading module "atk-bridge": The functionality is provided by GTK natively. Please try to not load it.

(firefox:38849): Gtk-WARNING **: 12:14:39.553: GTK+ module /snap/firefox/3068/gnome-platform/usr/lib/gtk-2.0/modules/libcanberra-gtk-module.so cannot be loaded.
GTK+ 2.x symbols detected. Using GTK+ 2.x and GTK+ 3 in the same process is not supported.
Gtk-Message: 12:14:39.553: Failed to load module "canberra-gtk-module"
Gtk-Message: 12:14:39.553: Failed to load module "appmenu-gtk-module"
console.warn: services.settings: Ignoring preference override of remote settings server
console.warn: services.settings: Allow by setting MOZ_REMOTE_SETTINGS_DEVTOOLS=1 in the environment
ATTENTION: default value of option mesa_glthread overridden by environment.
1695636880025	Marionette	INFO	Marionette enabled
ATTENTION: default value of option mesa_glthread overridden by environment.
1695636880096	Marionette	INFO	Listening on port 39023
Read port: 39023
WebDriver BiDi listening on ws://127.0.0.1:57465
1695636880167	RemoteAgent	WARN	TLS certificate errors will be ignored for this session
console.error: ({})
DevTools listening on ws://127.0.0.1:57465/devtools/browser/44a53e3c-9601-43bd-b2be-e0e6ec88a772
console.warn: LoginRecipes: "Falling back to a synchronous message for: http://127.0.0.1:5000."
1695636881165	Marionette	INFO	Stopped listening on port 39023
[38979] Sandbox: Unexpected EOF, op 0 flags 00 path /proc/cpuinfo
1695637153631	geckodriver	INFO	Listening on 127.0.0.1:35479
1695637154108	mozrunner::runner	INFO	Running command: "/snap/firefox/current/firefox.launcher" "--marionette" "--remote-debugging-port" "39689" "--remote-allow-hosts" "localhost" "-no-remote" "-profile" "/tmp/rust_mozprofilefc45Ol"
Gtk-Message: 12:19:14.133: Failed to load module "appmenu-gtk-module"
Gtk-Message: 12:19:14.133: Not loading module "atk-bridge": The functionality is provided by GTK natively. Please try to not load it.

(firefox:40030): Gtk-WARNING **: 12:19:14.135: GTK+ module /snap/firefox/3068/gnome-platform/usr/lib/gtk-2.0/modules/libcanberra-gtk-module.so cannot be loaded.
GTK+ 2.x symbols detected. Using GTK+ 2.x and GTK+ 3 in the same process is not supported.
Gtk-Message: 12:19:14.135: Failed to load module "canberra-gtk-module"
Gtk-Message: 12:19:14.135: Failed to load module "appmenu-gtk-module"
console.warn: services.settings: Ignoring preference override of remote settings server
console.warn: services.settings: Allow by setting MOZ_REMOTE_SETTINGS_DEVTOOLS=1 in the environment
ATTENTION: default value of option mesa_glthread overridden by environment.
1695637154605	Marionette	INFO	Marionette enabled
ATTENTION: default value of option mesa_glthread overridden by environment.
1695637154685	Marionette	INFO	Listening on port 42959
WebDriver BiDi listening on ws://127.0.0.1:39689
Read port: 42959
1695637154768	RemoteAgent	WARN	TLS certificate errors will be ignored for this session
console.error: ({})
DevTools listening on ws://127.0.0.1:39689/devtools/browser/11410966-f270-4e15-bfb6-d401dd9c16e9
console.warn: LoginRecipes: "Falling back to a synchronous message for: http://127.0.0.1:5000."
1695637155871	Marionette	INFO	Stopped listening on port 42959
console.error: (new TypeError("NetworkError: Network request failed", "resource://services-settings/Utils.sys.mjs", 229))
console.error: (new AbortError("IndexedDB: main/doh-providers list() IndexedDB:  execute() A request was aborted, for example through a call to IDBTransaction.abort.", "resource://services-settings/IDBHelpers.sys.mjs", 16))
console.error: (new Error("IndexedDB: main/doh-config getLastModified() IndexedDB:  execute() The application is shutting down", "resource://services-settings/IDBHelpers.sys.mjs", 16))
1695637505388	geckodriver	INFO	Listening on 127.0.0.1:56179
1695637505991	mozrunner::runner	INFO	Running command: MOZ_CRASHREPORTER="1" MOZ_CRASHREPORTER_NO_REPORT="1" MOZ_CRASHREPORTER_SHUTDOWN="1" MOZ_NO_REMOTE="1" "/sna ... te" "--remote-debugging-port" "53543" "--remote-allow-hosts" "localhost" "-no-remote" "-profile" "/tmp/rust_mozprofileymTl22"
Gtk-Message: 12:25:06.075: Failed to load module "appmenu-gtk-module"
Gtk-Message: 12:25:06.075: Not loading module "atk-bridge": The functionality is provided by GTK natively. Please try to not load it.

(firefox:41743): Gtk-WARNING **: 12:25:06.077: GTK+ module /snap/firefox/3068/gnome-platform/usr/lib/gtk-2.0/modules/libcanberra-gtk-module.so cannot be loaded.
GTK+ 2.x symbols detected. Using GTK+ 2.x and GTK+ 3 in the same process is not supported.
Gtk-Message: 12:25:06.077: Failed to load module "canberra-gtk-module"
Gtk-Message: 12:25:06.077: Failed to load module "appmenu-gtk-module"
ATTENTION: default value of option mesa_glthread overridden by environment.
ATTENTION: default value of option mesa_glthread overridden by environment.
1695637548082	geckodriver	INFO	Listening on 127.0.0.1:34417
1695637548692	mozrunner::runner	INFO	Running command: MOZ_CRASHREPORTER="1" MOZ_CRASHREPORTER_NO_REPORT="1" MOZ_CRASHREPORTER_SHUTDOWN="1" MOZ_NO_REMOTE="1" "/sna ... te" "--remote-debugging-port" "57109" "--remote-allow-hosts" "localhost" "-no-remote" "-profile" "/tmp/rust_mozprofiles1MxkZ"
Gtk-Message: 12:25:48.775: Failed to load module "appmenu-gtk-module"
Gtk-Message: 12:25:48.776: Not loading module "atk-bridge": The functionality is provided by GTK natively. Please try to not load it.

(firefox:42768): Gtk-WARNING **: 12:25:48.777: GTK+ module /snap/firefox/3068/gnome-platform/usr/lib/gtk-2.0/modules/libcanberra-gtk-module.so cannot be loaded.
GTK+ 2.x symbols detected. Using GTK+ 2.x and GTK+ 3 in the same process is not supported.
Gtk-Message: 12:25:48.777: Failed to load module "canberra-gtk-module"
Gtk-Message: 12:25:48.777: Failed to load module "appmenu-gtk-module"
ATTENTION: default value of option mesa_glthread overridden by environment.
ATTENTION: default value of option mesa_glthread overridden by environment.
1695637689336	geckodriver	INFO	Listening on 127.0.0.1:59033
1695637689921	mozrunner::runner	INFO	Running command: MOZ_CRASHREPORTER="1" MOZ_CRASHREPORTER_NO_REPORT="1" MOZ_CRASHREPORTER_SHUTDOWN="1" MOZ_NO_REMOTE="1" "/sna ... te" "--remote-debugging-port" "50497" "--remote-allow-hosts" "localhost" "-no-remote" "-profile" "/tmp/rust_mozprofileM1ABjV"
Gtk-Message: 12:28:10.009: Failed to load module "appmenu-gtk-module"
Gtk-Message: 12:28:10.009: Not loading module "atk-bridge": The functionality is provided by GTK natively. Please try to not load it.

(firefox:43915): Gtk-WARNING **: 12:28:10.011: GTK+ module /snap/firefox/3068/gnome-platform/usr/lib/gtk-2.0/modules/libcanberra-gtk-module.so cannot be loaded.
GTK+ 2.x symbols detected. Using GTK+ 2.x and GTK+ 3 in the same process is not supported.
Gtk-Message: 12:28:10.011: Failed to load module "canberra-gtk-module"
Gtk-Message: 12:28:10.011: Failed to load module "appmenu-gtk-module"
ATTENTION: default value of option mesa_glthread overridden by environment.
ATTENTION: default value of option mesa_glthread overridden by environment.
1695637720642	geckodriver	INFO	Listening on 127.0.0.1:43089
1695637721253	mozrunner::runner	INFO	Running command: MOZ_CRASHREPORTER="1" MOZ_CRASHREPORTER_NO_REPORT="1" MOZ_CRASHREPORTER_SHUTDOWN="1" MOZ_NO_REMOTE="1" "/sna ... te" "--remote-debugging-port" "57735" "--remote-allow-hosts" "localhost" "-no-remote" "-profile" "/tmp/rust_mozprofile4IbWjQ"
Gtk-Message: 12:28:41.338: Failed to load module "appmenu-gtk-module"
Gtk-Message: 12:28:41.338: Not loading module "atk-bridge": The functionality is provided by GTK natively. Please try to not load it.

(firefox:44976): Gtk-WARNING **: 12:28:41.340: GTK+ module /snap/firefox/3068/gnome-platform/usr/lib/gtk-2.0/modules/libcanberra-gtk-module.so cannot be loaded.
GTK+ 2.x symbols detected. Using GTK+ 2.x and GTK+ 3 in the same process is not supported.
Gtk-Message: 12:28:41.340: Failed to load module "canberra-gtk-module"
Gtk-Message: 12:28:41.340: Failed to load module "appmenu-gtk-module"
ATTENTION: default value of option mesa_glthread overridden by environment.
ATTENTION: default value of option mesa_glthread overridden by environment.
